[31-Mar-2025 17:40:25 Europe/Berlin] PHP Warning:  require_once(C:\xampp\htdocs\Financial Reports/config.php): Failed to open stream: No such file or directory in C:\xampp\htdocs\Financial Reports\new_data.php on line 12
[31-Mar-2025 17:40:25 Europe/Berlin] PHP Fatal error:  Uncaught Error: Failed opening required 'C:\xampp\htdocs\Financial Reports/config.php' (include_path='C:\xampp\php\PEAR') in C:\xampp\htdocs\Financial Reports\new_data.php:12
Stack trace:
#0 {main}
  thrown in C:\xampp\htdocs\Financial Reports\new_data.php on line 12
[31-Mar-2025 18:04:38 Europe/Berlin] PHP Warning:  require_once(C:\xampp\htdocs\Financial Reports/config.php): Failed to open stream: No such file or directory in C:\xampp\htdocs\Financial Reports\new_data.php on line 12
[31-Mar-2025 18:04:38 Europe/Berlin] PHP Fatal error:  Uncaught Error: Failed opening required 'C:\xampp\htdocs\Financial Reports/config.php' (include_path='C:\xampp\php\PEAR') in C:\xampp\htdocs\Financial Reports\new_data.php:12
Stack trace:
#0 {main}
  thrown in C:\xampp\htdocs\Financial Reports\new_data.php on line 12
[31-Mar-2025 18:09:16 Europe/Berlin] PHP Warning:  require_once(C:\xampp\htdocs\Financial Reports/config.php): Failed to open stream: No such file or directory in C:\xampp\htdocs\Financial Reports\new_data.php on line 9
[31-Mar-2025 18:09:16 Europe/Berlin] PHP Fatal error:  Uncaught Error: Failed opening required 'C:\xampp\htdocs\Financial Reports/config.php' (include_path='C:\xampp\php\PEAR') in C:\xampp\htdocs\Financial Reports\new_data.php:9
Stack trace:
#0 {main}
  thrown in C:\xampp\htdocs\Financial Reports\new_data.php on line 9
[31-Mar-2025 18:09:43 Europe/Berlin] PHP Warning:  require_once(C:\xampp\htdocs\Financial Reports/config.php): Failed to open stream: No such file or directory in C:\xampp\htdocs\Financial Reports\new_data.php on line 9
[31-Mar-2025 18:09:44 Europe/Berlin] PHP Fatal error:  Uncaught Error: Failed opening required 'C:\xampp\htdocs\Financial Reports/config.php' (include_path='C:\xampp\php\PEAR') in C:\xampp\htdocs\Financial Reports\new_data.php:9
Stack trace:
#0 {main}
  thrown in C:\xampp\htdocs\Financial Reports\new_data.php on line 9
[31-Mar-2025 18:14:06 Europe/Berlin] PHP Warning:  require_once(C:\xampp\htdocs\Financial Reports/config.php): Failed to open stream: No such file or directory in C:\xampp\htdocs\Financial Reports\new_data.php on line 10
[31-Mar-2025 18:14:06 Europe/Berlin] PHP Fatal error:  Uncaught Error: Failed opening required 'C:\xampp\htdocs\Financial Reports/config.php' (include_path='C:\xampp\php\PEAR') in C:\xampp\htdocs\Financial Reports\new_data.php:10
Stack trace:
#0 {main}
  thrown in C:\xampp\htdocs\Financial Reports\new_data.php on line 10
[31-Mar-2025 18:18:25 Europe/Berlin] PHP Warning:  require_once(C:\xampp\htdocs\Financial Reports/config.php): Failed to open stream: No such file or directory in C:\xampp\htdocs\Financial Reports\new_data.php on line 10
[31-Mar-2025 18:18:25 Europe/Berlin] PHP Fatal error:  Uncaught Error: Failed opening required 'C:\xampp\htdocs\Financial Reports/config.php' (include_path='C:\xampp\php\PEAR') in C:\xampp\htdocs\Financial Reports\new_data.php:10
Stack trace:
#0 {main}
  thrown in C:\xampp\htdocs\Financial Reports\new_data.php on line 10
[31-Mar-2025 18:27:26 Europe/Berlin] PHP Warning:  require_once(C:\xampp\htdocs\Financial Reports/config.php): Failed to open stream: No such file or directory in C:\xampp\htdocs\Financial Reports\new_data.php on line 10
[31-Mar-2025 18:27:26 Europe/Berlin] PHP Fatal error:  Uncaught Error: Failed opening required 'C:\xampp\htdocs\Financial Reports/config.php' (include_path='C:\xampp\php\PEAR') in C:\xampp\htdocs\Financial Reports\new_data.php:10
Stack trace:
#0 {main}
  thrown in C:\xampp\htdocs\Financial Reports\new_data.php on line 10
[31-Mar-2025 18:29:57 Europe/Berlin] PHP Warning:  require_once(C:\xampp\htdocs\Financial Reports/config.php): Failed to open stream: No such file or directory in C:\xampp\htdocs\Financial Reports\new_data.php on line 10
[31-Mar-2025 18:29:57 Europe/Berlin] PHP Fatal error:  Uncaught Error: Failed opening required 'C:\xampp\htdocs\Financial Reports/config.php' (include_path='C:\xampp\php\PEAR') in C:\xampp\htdocs\Financial Reports\new_data.php:10
Stack trace:
#0 {main}
  thrown in C:\xampp\htdocs\Financial Reports\new_data.php on line 10
[31-Mar-2025 18:31:45 Europe/Berlin] PHP Warning:  require_once(C:\xampp\htdocs\Financial Reports/config.php): Failed to open stream: No such file or directory in C:\xampp\htdocs\Financial Reports\new_data.php on line 10
[31-Mar-2025 18:31:45 Europe/Berlin] PHP Fatal error:  Uncaught Error: Failed opening required 'C:\xampp\htdocs\Financial Reports/config.php' (include_path='C:\xampp\php\PEAR') in C:\xampp\htdocs\Financial Reports\new_data.php:10
Stack trace:
#0 {main}
  thrown in C:\xampp\htdocs\Financial Reports\new_data.php on line 10
